2025/05/10 08:02:32 Бот авторизован как s21_help_bot
2025/05/10 08:02:33 Conflict: terminated by other getUpdates request; make sure that only one bot instance is running
2025/05/10 08:02:33 Failed to get updates, retrying in 3 seconds...
2025/05/10 08:02:41 Conflict: terminated by other getUpdates request; make sure that only one bot instance is running
2025/05/10 08:02:41 Failed to get updates, retrying in 3 seconds...
2025/05/10 08:02:44 Получено сообщение: hello
2025/05/10 08:02:44 Неизвестная команда: 
2025/05/10 08:02:47 Conflict: terminated by other getUpdates request; make sure that only one bot instance is running
2025/05/10 08:02:47 Failed to get updates, retrying in 3 seconds...
2025/05/10 08:02:54 Conflict: terminated by other getUpdates request; make sure that only one bot instance is running
2025/05/10 08:02:54 Failed to get updates, retrying in 3 seconds...
2025/05/10 08:02:58 Conflict: terminated by other getUpdates request; make sure that only one bot instance is running
2025/05/10 08:02:58 Failed to get updates, retrying in 3 seconds...
2025/05/10 08:03:05 Conflict: terminated by other getUpdates request; make sure that only one bot instance is running
2025/05/10 08:03:05 Failed to get updates, retrying in 3 seconds...
2025/05/10 08:03:12 Conflict: terminated by other getUpdates request; make sure that only one bot instance is running
2025/05/10 08:03:12 Failed to get updates, retrying in 3 seconds...
2025/05/10 08:03:18 Conflict: terminated by other getUpdates request; make sure that only one bot instance is running
2025/05/10 08:03:18 Failed to get updates, retrying in 3 seconds...
2025/05/10 08:03:22 Conflict: terminated by other getUpdates request; make sure that only one bot instance is running
2025/05/10 08:03:22 Failed to get updates, retrying in 3 seconds...
2025/05/10 08:03:29 Conflict: terminated by other getUpdates request; make sure that only one bot instance is running
2025/05/10 08:03:29 Failed to get updates, retrying in 3 seconds...
2025/05/10 08:03:36 Conflict: terminated by other getUpdates request; make sure that only one bot instance is running
2025/05/10 08:03:36 Failed to get updates, retrying in 3 seconds...
2025/05/10 08:03:42 Conflict: terminated by other getUpdates request; make sure that only one bot instance is running
2025/05/10 08:03:42 Failed to get updates, retrying in 3 seconds...
2025/05/10 08:03:46 Conflict: terminated by other getUpdates request; make sure that only one bot instance is running
2025/05/10 08:03:46 Failed to get updates, retrying in 3 seconds...
2025/05/10 08:03:49 Получено сообщение: /list
2025/05/10 08:03:54 Conflict: terminated by other getUpdates request; make sure that only one bot instance is running
2025/05/10 08:03:54 Failed to get updates, retrying in 3 seconds...
2025/05/10 08:04:00 Conflict: terminated by other getUpdates request; make sure that only one bot instance is running
2025/05/10 08:04:00 Failed to get updates, retrying in 3 seconds...
2025/05/10 08:04:06 Conflict: terminated by other getUpdates request; make sure that only one bot instance is running
2025/05/10 08:04:06 Failed to get updates, retrying in 3 seconds...
2025/05/10 08:04:10 Получено сообщение: /add
2025/05/10 08:04:10 Conflict: terminated by other getUpdates request; make sure that only one bot instance is running
2025/05/10 08:04:10 Failed to get updates, retrying in 3 seconds...
2025/05/10 08:04:18 Conflict: terminated by other getUpdates request; make sure that only one bot instance is running
2025/05/10 08:04:18 Failed to get updates, retrying in 3 seconds...
2025/05/10 08:04:24 Conflict: terminated by other getUpdates request; make sure that only one bot instance is running
2025/05/10 08:04:24 Failed to get updates, retrying in 3 seconds...
2025/05/10 08:04:30 Conflict: terminated by other getUpdates request; make sure that only one bot instance is running
2025/05/10 08:04:30 Failed to get updates, retrying in 3 seconds...
2025/05/10 08:04:37 Conflict: terminated by other getUpdates request; make sure that only one bot instance is running
2025/05/10 08:04:37 Failed to get updates, retrying in 3 seconds...
2025/05/10 08:04:41 Conflict: terminated by other getUpdates request; make sure that only one bot instance is running
2025/05/10 08:04:41 Failed to get updates, retrying in 3 seconds...
2025/05/10 08:04:48 Conflict: terminated by other getUpdates request; make sure that only one bot instance is running
2025/05/10 08:04:48 Failed to get updates, retrying in 3 seconds...
2025/05/10 08:04:54 Conflict: terminated by other getUpdates request; make sure that only one bot instance is running
2025/05/10 08:04:54 Failed to get updates, retrying in 3 seconds...
2025/05/10 08:05:00 Conflict: terminated by other getUpdates request; make sure that only one bot instance is running
2025/05/10 08:05:00 Failed to get updates, retrying in 3 seconds...
2025/05/10 08:05:08 Conflict: terminated by other getUpdates request; make sure that only one bot instance is running
2025/05/10 08:05:08 Failed to get updates, retrying in 3 seconds...
2025/05/10 08:05:11 Conflict: terminated by other getUpdates request; make sure that only one bot instance is running
2025/05/10 08:05:11 Failed to get updates, retrying in 3 seconds...
2025/05/10 08:05:18 Conflict: terminated by other getUpdates request; make sure that only one bot instance is running
2025/05/10 08:05:18 Failed to get updates, retrying in 3 seconds...
2025/05/10 08:05:24 Conflict: terminated by other getUpdates request; make sure that only one bot instance is running
2025/05/10 08:05:24 Failed to get updates, retrying in 3 seconds...
2025/05/10 08:05:30 Conflict: terminated by other getUpdates request; make sure that only one bot instance is running
2025/05/10 08:05:30 Failed to get updates, retrying in 3 seconds...
2025/05/10 08:05:38 Conflict: terminated by other getUpdates request; make sure that only one bot instance is running
2025/05/10 08:05:38 Failed to get updates, retrying in 3 seconds...
2025/05/10 08:05:41 Conflict: terminated by other getUpdates request; make sure that only one bot instance is running
2025/05/10 08:05:41 Failed to get updates, retrying in 3 seconds...
2025/05/10 08:05:48 Conflict: terminated by other getUpdates request; make sure that only one bot instance is running
2025/05/10 08:05:48 Failed to get updates, retrying in 3 seconds...
2025/05/10 08:05:54 Conflict: terminated by other getUpdates request; make sure that only one bot instance is running
2025/05/10 08:05:54 Failed to get updates, retrying in 3 seconds...
2025/05/10 08:06:01 Conflict: terminated by other getUpdates request; make sure that only one bot instance is running
2025/05/10 08:06:01 Failed to get updates, retrying in 3 seconds...
2025/05/10 08:06:08 Conflict: terminated by other getUpdates request; make sure that only one bot instance is running
2025/05/10 08:06:08 Failed to get updates, retrying in 3 seconds...
2025/05/10 08:06:12 Conflict: terminated by other getUpdates request; make sure that only one bot instance is running
2025/05/10 08:06:12 Failed to get updates, retrying in 3 seconds...
2025/05/10 08:06:18 Conflict: terminated by other getUpdates request; make sure that only one bot instance is running
2025/05/10 08:06:18 Failed to get updates, retrying in 3 seconds...
2025/05/10 08:06:25 Conflict: terminated by other getUpdates request; make sure that only one bot instance is running
2025/05/10 08:06:25 Failed to get updates, retrying in 3 seconds...
2025/05/10 08:06:31 Conflict: terminated by other getUpdates request; make sure that only one bot instance is running
2025/05/10 08:06:31 Failed to get updates, retrying in 3 seconds...
2025/05/10 08:06:38 Conflict: terminated by other getUpdates request; make sure that only one bot instance is running
2025/05/10 08:06:38 Failed to get updates, retrying in 3 seconds...
2025/05/10 08:06:42 Conflict: terminated by other getUpdates request; make sure that only one bot instance is running
2025/05/10 08:06:42 Failed to get updates, retrying in 3 seconds...
2025/05/10 08:06:48 Conflict: terminated by other getUpdates request; make sure that only one bot instance is running
2025/05/10 08:06:48 Failed to get updates, retrying in 3 seconds...
2025/05/10 08:06:55 Conflict: terminated by other getUpdates request; make sure that only one bot instance is running
2025/05/10 08:06:55 Failed to get updates, retrying in 3 seconds...
2025/05/10 08:07:01 Conflict: terminated by other getUpdates request; make sure that only one bot instance is running
2025/05/10 08:07:01 Failed to get updates, retrying in 3 seconds...
2025/05/10 08:07:08 Conflict: terminated by other getUpdates request; make sure that only one bot instance is running
2025/05/10 08:07:08 Failed to get updates, retrying in 3 seconds...
2025/05/10 08:07:12 Conflict: terminated by other getUpdates request; make sure that only one bot instance is running
2025/05/10 08:07:12 Failed to get updates, retrying in 3 seconds...
2025/05/10 08:07:19 Conflict: terminated by other getUpdates request; make sure that only one bot instance is running
2025/05/10 08:07:19 Failed to get updates, retrying in 3 seconds...
2025/05/10 08:07:25 Conflict: terminated by other getUpdates request; make sure that only one bot instance is running
2025/05/10 08:07:25 Failed to get updates, retrying in 3 seconds...
2025/05/10 08:07:31 Conflict: terminated by other getUpdates request; make sure that only one bot instance is running
2025/05/10 08:07:31 Failed to get updates, retrying in 3 seconds...
2025/05/10 08:07:39 Conflict: terminated by other getUpdates request; make sure that only one bot instance is running
2025/05/10 08:07:39 Failed to get updates, retrying in 3 seconds...
2025/05/10 08:07:43 Conflict: terminated by other getUpdates request; make sure that only one bot instance is running
2025/05/10 08:07:43 Failed to get updates, retrying in 3 seconds...
2025/05/10 08:07:49 Conflict: terminated by other getUpdates request; make sure that only one bot instance is running
2025/05/10 08:07:49 Failed to get updates, retrying in 3 seconds...
2025/05/10 08:07:55 Conflict: terminated by other getUpdates request; make sure that only one bot instance is running
2025/05/10 08:07:55 Failed to get updates, retrying in 3 seconds...
2025/05/10 08:08:01 Conflict: terminated by other getUpdates request; make sure that only one bot instance is running
2025/05/10 08:08:01 Failed to get updates, retrying in 3 seconds...
2025/05/10 08:08:09 Conflict: terminated by other getUpdates request; make sure that only one bot instance is running
2025/05/10 08:08:09 Failed to get updates, retrying in 3 seconds...
2025/05/10 08:08:13 Conflict: terminated by other getUpdates request; make sure that only one bot instance is running
2025/05/10 08:08:13 Failed to get updates, retrying in 3 seconds...
2025/05/10 08:08:19 Conflict: terminated by other getUpdates request; make sure that only one bot instance is running
2025/05/10 08:08:19 Failed to get updates, retrying in 3 seconds...
2025/05/10 08:08:27 Conflict: terminated by other getUpdates request; make sure that only one bot instance is running
2025/05/10 08:08:27 Failed to get updates, retrying in 3 seconds...
2025/05/10 08:08:31 Conflict: terminated by other getUpdates request; make sure that only one bot instance is running
2025/05/10 08:08:31 Failed to get updates, retrying in 3 seconds...
2025/05/10 08:08:37 Conflict: terminated by other getUpdates request; make sure that only one bot instance is running
2025/05/10 08:08:37 Failed to get updates, retrying in 3 seconds...
2025/05/10 08:08:44 Conflict: terminated by other getUpdates request; make sure that only one bot instance is running
2025/05/10 08:08:44 Failed to get updates, retrying in 3 seconds...
2025/05/10 08:08:51 Conflict: terminated by other getUpdates request; make sure that only one bot instance is running
2025/05/10 08:08:51 Failed to get updates, retrying in 3 seconds...
2025/05/10 08:08:55 Conflict: terminated by other getUpdates request; make sure that only one bot instance is running
2025/05/10 08:08:55 Failed to get updates, retrying in 3 seconds...
2025/05/10 08:09:02 Conflict: terminated by other getUpdates request; make sure that only one bot instance is running
2025/05/10 08:09:02 Failed to get updates, retrying in 3 seconds...
2025/05/10 08:09:08 Conflict: terminated by other getUpdates request; make sure that only one bot instance is running
2025/05/10 08:09:08 Failed to get updates, retrying in 3 seconds...
2025/05/10 08:09:15 Conflict: terminated by other getUpdates request; make sure that only one bot instance is running
2025/05/10 08:09:15 Failed to get updates, retrying in 3 seconds...
2025/05/10 08:09:20 Conflict: terminated by other getUpdates request; make sure that only one bot instance is running
2025/05/10 08:09:20 Failed to get updates, retrying in 3 seconds...
2025/05/10 08:09:26 Conflict: terminated by other getUpdates request; make sure that only one bot instance is running
2025/05/10 08:09:26 Failed to get updates, retrying in 3 seconds...
2025/05/10 08:09:32 Conflict: terminated by other getUpdates request; make sure that only one bot instance is running
2025/05/10 08:09:32 Failed to get updates, retrying in 3 seconds...
2025/05/10 08:09:39 Conflict: terminated by other getUpdates request; make sure that only one bot instance is running
2025/05/10 08:09:39 Failed to get updates, retrying in 3 seconds...
2025/05/10 08:09:44 Conflict: terminated by other getUpdates request; make sure that only one bot instance is running
2025/05/10 08:09:44 Failed to get updates, retrying in 3 seconds...
2025/05/10 08:09:50 Conflict: terminated by other getUpdates request; make sure that only one bot instance is running
2025/05/10 08:09:50 Failed to get updates, retrying in 3 seconds...
2025/05/10 08:09:56 Conflict: terminated by other getUpdates request; make sure that only one bot instance is running
2025/05/10 08:09:56 Failed to get updates, retrying in 3 seconds...
2025/05/10 08:10:03 Conflict: terminated by other getUpdates request; make sure that only one bot instance is running
2025/05/10 08:10:03 Failed to get updates, retrying in 3 seconds...
2025/05/10 08:10:08 Conflict: terminated by other getUpdates request; make sure that only one bot instance is running
2025/05/10 08:10:08 Failed to get updates, retrying in 3 seconds...
2025/05/10 08:10:14 Conflict: terminated by other getUpdates request; make sure that only one bot instance is running
2025/05/10 08:10:14 Failed to get updates, retrying in 3 seconds...
2025/05/10 08:10:20 Conflict: terminated by other getUpdates request; make sure that only one bot instance is running
2025/05/10 08:10:20 Failed to get updates, retrying in 3 seconds...
2025/05/10 08:10:27 Conflict: terminated by other getUpdates request; make sure that only one bot instance is running
2025/05/10 08:10:27 Failed to get updates, retrying in 3 seconds...
2025/05/10 08:10:32 Conflict: terminated by other getUpdates request; make sure that only one bot instance is running
2025/05/10 08:10:32 Failed to get updates, retrying in 3 seconds...
2025/05/10 08:10:38 Conflict: terminated by other getUpdates request; make sure that only one bot instance is running
2025/05/10 08:10:38 Failed to get updates, retrying in 3 seconds...
2025/05/10 08:10:46 Conflict: terminated by other getUpdates request; make sure that only one bot instance is running
2025/05/10 08:10:46 Failed to get updates, retrying in 3 seconds...
2025/05/10 08:10:50 Conflict: terminated by other getUpdates request; make sure that only one bot instance is running
2025/05/10 08:10:50 Failed to get updates, retrying in 3 seconds...
2025/05/10 08:10:57 Conflict: terminated by other getUpdates request; make sure that only one bot instance is running
2025/05/10 08:10:57 Failed to get updates, retrying in 3 seconds...
2025/05/10 08:11:04 Conflict: terminated by other getUpdates request; make sure that only one bot instance is running
2025/05/10 08:11:04 Failed to get updates, retrying in 3 seconds...
2025/05/10 08:11:09 Conflict: terminated by other getUpdates request; make sure that only one bot instance is running
2025/05/10 08:11:09 Failed to get updates, retrying in 3 seconds...
2025/05/10 08:11:16 Conflict: terminated by other getUpdates request; make sure that only one bot instance is running
2025/05/10 08:11:16 Failed to get updates, retrying in 3 seconds...
2025/05/10 08:11:21 Conflict: terminated by other getUpdates request; make sure that only one bot instance is running
2025/05/10 08:11:21 Failed to get updates, retrying in 3 seconds...
2025/05/10 08:11:28 Conflict: terminated by other getUpdates request; make sure that only one bot instance is running
2025/05/10 08:11:28 Failed to get updates, retrying in 3 seconds...
2025/05/10 08:11:33 Conflict: terminated by other getUpdates request; make sure that only one bot instance is running
2025/05/10 08:11:33 Failed to get updates, retrying in 3 seconds...
2025/05/10 08:11:40 Conflict: terminated by other getUpdates request; make sure that only one bot instance is running
2025/05/10 08:11:40 Failed to get updates, retrying in 3 seconds...
2025/05/10 08:11:45 Conflict: terminated by other getUpdates request; make sure that only one bot instance is running
2025/05/10 08:11:45 Failed to get updates, retrying in 3 seconds...
2025/05/10 08:11:52 Conflict: terminated by other getUpdates request; make sure that only one bot instance is running
2025/05/10 08:11:52 Failed to get updates, retrying in 3 seconds...
2025/05/10 08:11:57 Conflict: terminated by other getUpdates request; make sure that only one bot instance is running
2025/05/10 08:11:57 Failed to get updates, retrying in 3 seconds...
2025/05/10 08:12:04 Conflict: terminated by other getUpdates request; make sure that only one bot instance is running
2025/05/10 08:12:04 Failed to get updates, retrying in 3 seconds...
2025/05/10 08:12:09 Conflict: terminated by other getUpdates request; make sure that only one bot instance is running
2025/05/10 08:12:09 Failed to get updates, retrying in 3 seconds...
2025/05/10 08:12:16 Conflict: terminated by other getUpdates request; make sure that only one bot instance is running
2025/05/10 08:12:16 Failed to get updates, retrying in 3 seconds...
2025/05/10 08:12:21 Conflict: terminated by other getUpdates request; make sure that only one bot instance is running
2025/05/10 08:12:21 Failed to get updates, retrying in 3 seconds...
2025/05/10 08:12:28 Conflict: terminated by other getUpdates request; make sure that only one bot instance is running
2025/05/10 08:12:28 Failed to get updates, retrying in 3 seconds...
2025/05/10 08:12:33 Conflict: terminated by other getUpdates request; make sure that only one bot instance is running
2025/05/10 08:12:33 Failed to get updates, retrying in 3 seconds...
2025/05/10 08:12:40 Conflict: terminated by other getUpdates request; make sure that only one bot instance is running
2025/05/10 08:12:40 Failed to get updates, retrying in 3 seconds...
2025/05/10 08:12:45 Conflict: terminated by other getUpdates request; make sure that only one bot instance is running
2025/05/10 08:12:45 Failed to get updates, retrying in 3 seconds...
2025/05/10 08:12:52 Conflict: terminated by other getUpdates request; make sure that only one bot instance is running
2025/05/10 08:12:52 Failed to get updates, retrying in 3 seconds...
2025/05/10 08:12:58 Conflict: terminated by other getUpdates request; make sure that only one bot instance is running
2025/05/10 08:12:58 Failed to get updates, retrying in 3 seconds...
2025/05/10 08:13:04 Conflict: terminated by other getUpdates request; make sure that only one bot instance is running
2025/05/10 08:13:04 Failed to get updates, retrying in 3 seconds...
2025/05/10 08:13:10 Conflict: terminated by other getUpdates request; make sure that only one bot instance is running
2025/05/10 08:13:10 Failed to get updates, retrying in 3 seconds...
2025/05/10 08:13:16 Conflict: terminated by other getUpdates request; make sure that only one bot instance is running
2025/05/10 08:13:16 Failed to get updates, retrying in 3 seconds...
2025/05/10 08:13:22 Conflict: terminated by other getUpdates request; make sure that only one bot instance is running
2025/05/10 08:13:22 Failed to get updates, retrying in 3 seconds...
2025/05/10 08:13:28 Conflict: terminated by other getUpdates request; make sure that only one bot instance is running
2025/05/10 08:13:28 Failed to get updates, retrying in 3 seconds...
2025/05/10 08:13:34 Conflict: terminated by other getUpdates request; make sure that only one bot instance is running
2025/05/10 08:13:34 Failed to get updates, retrying in 3 seconds...
2025/05/10 08:13:41 Conflict: terminated by other getUpdates request; make sure that only one bot instance is running
2025/05/10 08:13:41 Failed to get updates, retrying in 3 seconds...
2025/05/10 08:13:46 Conflict: terminated by other getUpdates request; make sure that only one bot instance is running
2025/05/10 08:13:46 Failed to get updates, retrying in 3 seconds...
2025/05/10 08:13:52 Conflict: terminated by other getUpdates request; make sure that only one bot instance is running
2025/05/10 08:13:52 Failed to get updates, retrying in 3 seconds...
2025/05/10 08:13:55 Conflict: terminated by other getUpdates request; make sure that only one bot instance is running
2025/05/10 08:13:55 Failed to get updates, retrying in 3 seconds...
